<?xml version="1.0" encoding="UTF-8"?>
<!-- Generated by org.testng.reporters.JUnitReportReporter -->
<testsuite hostname="DESKTOP-144QKOB" failures="0" tests="2" name="web.PayRetailers.TestScenarios" time="11.238" errors="0" timestamp="2021-07-07T22:25:47 CEST" skipped="0">
  <testcase classname="web.PayRetailers.TestScenarios" name="runScenario" time="6.503"/>
  <system-out/>
  <testcase classname="web.PayRetailers.TestScenarios" name="runScenario" time="4.735"/>
  <system-out/>
</testsuite> <!-- web.PayRetailers.TestScenarios -->
